@storybook/cli v7.0.12

info => Cleaning outputDir: /var/folders/t0/2w4_y88x5zg9nr39_cs9v1dh0000gp/T/chromatic--8836-hw1UGWLZ3Kvb
info => Loading presets
WARN Could not resolve addon "@storybook/addon-styling", skipping. Is it installed?
WARN Could not resolve addon "@storybook/addon-styling", skipping. Is it installed?
info => Building manager..
info => Manager built (229 ms)
info => Copying static files: /Users/davidelisma/Repos/gc-proto/~storybook/alpha-gc-design-system/node_modules/@storybook/manager/static at /var/folders/t0/2w4_y88x5zg9nr39_cs9v1dh0000gp/T/chromatic--8836-hw1UGWLZ3Kvb/sb-common-assets
vite v4.3.8 building for production...

./sb-common-assets/fonts.css doesn't exist at build time, it will remain unchanged to be resolved at runtime
transforming...

../fonts/gcweb_0c4a4eb7974d0a7287c93c02965f9b3f.eot referenced in /Users/davidelisma/Repos/gc-proto/~storybook/alpha-gc-design-system/stories/css/theme.min.css didn't resolve at build time, it will remain unchanged to be resolved at runtime

../assets/your-gov2.jpg referenced in /Users/davidelisma/Repos/gc-proto/~storybook/alpha-gc-design-system/stories/css/theme.min.css didn't resolve at build time, it will remain unchanged to be resolved at runtime

../assets/landscape.png referenced in /Users/davidelisma/Repos/gc-proto/~storybook/alpha-gc-design-system/stories/css/theme.min.css didn't resolve at build time, it will remain unchanged to be resolved at runtime

../assets/x-blue-line.png referenced in /Users/davidelisma/Repos/gc-proto/~storybook/alpha-gc-design-system/stories/css/theme.min.css didn't resolve at build time, it will remain unchanged to be resolved at runtime

../assets/gc-follow-us/facebook.svg referenced in /Users/davidelisma/Repos/gc-proto/~storybook/alpha-gc-design-system/stories/css/theme.min.css didn't resolve at build time, it will remain unchanged to be resolved at runtime

../assets/gc-follow-us/twitter.svg referenced in /Users/davidelisma/Repos/gc-proto/~storybook/alpha-gc-design-system/stories/css/theme.min.css didn't resolve at build time, it will remain unchanged to be resolved at runtime

../assets/gc-follow-us/youtube.svg referenced in /Users/davidelisma/Repos/gc-proto/~storybook/alpha-gc-design-system/stories/css/theme.min.css didn't resolve at build time, it will remain unchanged to be resolved at runtime

../assets/gc-follow-us/instagram.svg referenced in /Users/davidelisma/Repos/gc-proto/~storybook/alpha-gc-design-system/stories/css/theme.min.css didn't resolve at build time, it will remain unchanged to be resolved at runtime

../assets/gc-follow-us/linkedin.svg referenced in /Users/davidelisma/Repos/gc-proto/~storybook/alpha-gc-design-system/stories/css/theme.min.css didn't resolve at build time, it will remain unchanged to be resolved at runtime

../assets/wb-chtwzrd/default-avatar.png referenced in /Users/davidelisma/Repos/gc-proto/~storybook/alpha-gc-design-system/stories/css/theme.min.css didn't resolve at build time, it will remain unchanged to be resolved at runtime

../assets/default-avatar.png referenced in /Users/davidelisma/Repos/gc-proto/~storybook/alpha-gc-design-system/stories/css/theme.min.css didn't resolve at build time, it will remain unchanged to be resolved at runtime

../assets/bkg-home-yourgov.jpg referenced in /Users/davidelisma/Repos/gc-proto/~storybook/alpha-gc-design-system/stories/css/theme.min.css didn't resolve at build time, it will remain unchanged to be resolved at runtime

../assets/bkg-home-yourgov-md.jpg referenced in /Users/davidelisma/Repos/gc-proto/~storybook/alpha-gc-design-system/stories/css/theme.min.css didn't resolve at build time, it will remain unchanged to be resolved at runtime

../fonts/gcweb_0c4a4eb7974d0a7287c93c02965f9b3f.eot?#iefix referenced in /Users/davidelisma/Repos/gc-proto/~storybook/alpha-gc-design-system/stories/css/theme.min.css didn't resolve at build time, it will remain unchanged to be resolved at runtime

../fonts/gcweb_0c4a4eb7974d0a7287c93c02965f9b3f.woff referenced in /Users/davidelisma/Repos/gc-proto/~storybook/alpha-gc-design-system/stories/css/theme.min.css didn't resolve at build time, it will remain unchanged to be resolved at runtime

../fonts/gcweb_0c4a4eb7974d0a7287c93c02965f9b3f.ttf referenced in /Users/davidelisma/Repos/gc-proto/~storybook/alpha-gc-design-system/stories/css/theme.min.css didn't resolve at build time, it will remain unchanged to be resolved at runtime

../fonts/gcweb_0c4a4eb7974d0a7287c93c02965f9b3f.svg#gcweb referenced in /Users/davidelisma/Repos/gc-proto/~storybook/alpha-gc-design-system/stories/css/theme.min.css didn't resolve at build time, it will remain unchanged to be resolved at runtime
Use of eval in "node_modules/telejson/dist/index.mjs" is strongly discouraged as it poses security risks and may cause issues with minification.
Use of eval in "node_modules/telejson/dist/index.mjs" is strongly discouraged as it poses security risks and may cause issues with minification.
✓ 532 modules transformed.
rendering chunks...
computing gzip size...
../../../../../../var/folders/t0/2w4_y88x5zg9nr39_cs9v1dh0000gp/T/chromatic--8836-hw1UGWLZ3Kvb/assets/direction-94a9917f.svg                         1.28 kB │ gzip:   0.71 kB
../../../../../../var/folders/t0/2w4_y88x5zg9nr39_cs9v1dh0000gp/T/chromatic--8836-hw1UGWLZ3Kvb/assets/flow-275142c6.svg                              1.39 kB │ gzip:   0.68 kB
../../../../../../var/folders/t0/2w4_y88x5zg9nr39_cs9v1dh0000gp/T/chromatic--8836-hw1UGWLZ3Kvb/assets/code-brackets-9ef6443e.svg                     1.46 kB │ gzip:   0.69 kB
../../../../../../var/folders/t0/2w4_y88x5zg9nr39_cs9v1dh0000gp/T/chromatic--8836-hw1UGWLZ3Kvb/assets/comments-f15a6837.svg                          1.53 kB │ gzip:   0.70 kB
../../../../../../var/folders/t0/2w4_y88x5zg9nr39_cs9v1dh0000gp/T/chromatic--8836-hw1UGWLZ3Kvb/assets/repo-fb4ece47.svg                              1.64 kB │ gzip:   0.83 kB
../../../../../../var/folders/t0/2w4_y88x5zg9nr39_cs9v1dh0000gp/T/chromatic--8836-hw1UGWLZ3Kvb/assets/plugin-57148314.svg                            2.17 kB │ gzip:   0.98 kB
../../../../../../var/folders/t0/2w4_y88x5zg9nr39_cs9v1dh0000gp/T/chromatic--8836-hw1UGWLZ3Kvb/assets/stackalt-2ad81543.svg                          2.55 kB │ gzip:   1.09 kB
../../../../../../var/folders/t0/2w4_y88x5zg9nr39_cs9v1dh0000gp/T/chromatic--8836-hw1UGWLZ3Kvb/assets/colors-ac9401f3.svg                            8.51 kB │ gzip:   3.61 kB
../../../../../../var/folders/t0/2w4_y88x5zg9nr39_cs9v1dh0000gp/T/chromatic--8836-hw1UGWLZ3Kvb/iframe.html                                          12.76 kB │ gzip:   3.58 kB
../../../../../../var/folders/t0/2w4_y88x5zg9nr39_cs9v1dh0000gp/T/chromatic--8836-hw1UGWLZ3Kvb/assets/preview-4f29d3f8.css                         374.32 kB │ gzip:  76.72 kB
../../../../../../var/folders/t0/2w4_y88x5zg9nr39_cs9v1dh0000gp/T/chromatic--8836-hw1UGWLZ3Kvb/assets/index-d475d2ea.js                              0.21 kB │ gzip:   0.17 kB │ map:     0.86 kB
../../../../../../var/folders/t0/2w4_y88x5zg9nr39_cs9v1dh0000gp/T/chromatic--8836-hw1UGWLZ3Kvb/assets/preview-4f346fcd.js                            0.25 kB │ gzip:   0.23 kB │ map:     0.82 kB
../../../../../../var/folders/t0/2w4_y88x5zg9nr39_cs9v1dh0000gp/T/chromatic--8836-hw1UGWLZ3Kvb/assets/_commonjsHelpers-725317a4.js                   0.29 kB │ gzip:   0.23 kB │ map:     0.11 kB
../../../../../../var/folders/t0/2w4_y88x5zg9nr39_cs9v1dh0000gp/T/chromatic--8836-hw1UGWLZ3Kvb/assets/WithTooltip-FBT32F6Q-aa63477b.js               0.39 kB │ gzip:   0.25 kB │ map:     0.11 kB
../../../../../../var/folders/t0/2w4_y88x5zg9nr39_cs9v1dh0000gp/T/chromatic--8836-hw1UGWLZ3Kvb/assets/syntaxhighlighter-QTQ2UBB4-6b3f186d.js         0.41 kB │ gzip:   0.27 kB │ map:     0.12 kB
../../../../../../var/folders/t0/2w4_y88x5zg9nr39_cs9v1dh0000gp/T/chromatic--8836-hw1UGWLZ3Kvb/assets/index-118ff8fa.js                              0.43 kB │ gzip:   0.26 kB │ map:     0.10 kB
../../../../../../var/folders/t0/2w4_y88x5zg9nr39_cs9v1dh0000gp/T/chromatic--8836-hw1UGWLZ3Kvb/assets/preview-9804c4f1.js                            0.49 kB │ gzip:   0.31 kB │ map:     0.58 kB
../../../../../../var/folders/t0/2w4_y88x5zg9nr39_cs9v1dh0000gp/T/chromatic--8836-hw1UGWLZ3Kvb/assets/index-31dc3cd0.js                              0.53 kB │ gzip:   0.34 kB │ map:     4.31 kB
../../../../../../var/folders/t0/2w4_y88x5zg9nr39_cs9v1dh0000gp/T/chromatic--8836-hw1UGWLZ3Kvb/assets/preview-5ef354f3.js                            0.69 kB │ gzip:   0.49 kB │ map:     3.97 kB
../../../../../../var/folders/t0/2w4_y88x5zg9nr39_cs9v1dh0000gp/T/chromatic--8836-hw1UGWLZ3Kvb/assets/index-356e4a49.js                              0.81 kB │ gzip:   0.51 kB │ map:     3.29 kB
../../../../../../var/folders/t0/2w4_y88x5zg9nr39_cs9v1dh0000gp/T/chromatic--8836-hw1UGWLZ3Kvb/assets/preview-b1164a2e.js                            0.88 kB │ gzip:   0.58 kB │ map:     2.94 kB
../../../../../../var/folders/t0/2w4_y88x5zg9nr39_cs9v1dh0000gp/T/chromatic--8836-hw1UGWLZ3Kvb/assets/gc-langToggle.stories-433f3667.js              0.91 kB │ gzip:   0.48 kB │ map:     0.12 kB
../../../../../../var/folders/t0/2w4_y88x5zg9nr39_cs9v1dh0000gp/T/chromatic--8836-hw1UGWLZ3Kvb/assets/jsx-runtime-c5774df0.js                        0.97 kB │ gzip:   0.61 kB │ map:     2.36 kB
../../../../../../var/folders/t0/2w4_y88x5zg9nr39_cs9v1dh0000gp/T/chromatic--8836-hw1UGWLZ3Kvb/assets/DocsRenderer-EYKKDMVH-e5486b09.js              1.74 kB │ gzip:   0.86 kB │ map:     5.07 kB
../../../../../../var/folders/t0/2w4_y88x5zg9nr39_cs9v1dh0000gp/T/chromatic--8836-hw1UGWLZ3Kvb/assets/config-ddbbaaf6.js                             2.15 kB │ gzip:   1.17 kB │ map:     5.71 kB
../../../../../../var/folders/t0/2w4_y88x5zg9nr39_cs9v1dh0000gp/T/chromatic--8836-hw1UGWLZ3Kvb/assets/gc-sign-in.stories-a913dfa2.js                 2.16 kB │ gzip:   0.94 kB │ map:     1.94 kB
../../../../../../var/folders/t0/2w4_y88x5zg9nr39_cs9v1dh0000gp/T/chromatic--8836-hw1UGWLZ3Kvb/assets/preview-a60aa466.js                            2.40 kB │ gzip:   1.25 kB │ map:    11.36 kB
../../../../../../var/folders/t0/2w4_y88x5zg9nr39_cs9v1dh0000gp/T/chromatic--8836-hw1UGWLZ3Kvb/assets/index-d37d4223.js                              2.63 kB │ gzip:   1.30 kB │ map:     7.49 kB
../../../../../../var/folders/t0/2w4_y88x5zg9nr39_cs9v1dh0000gp/T/chromatic--8836-hw1UGWLZ3Kvb/assets/Button.stories-093a566f.js                     2.76 kB │ gzip:   0.93 kB │ map:     1.06 kB
../../../../../../var/folders/t0/2w4_y88x5zg9nr39_cs9v1dh0000gp/T/chromatic--8836-hw1UGWLZ3Kvb/assets/preview-770cc08b.js                            3.22 kB │ gzip:   1.39 kB │ map:    10.09 kB
../../../../../../var/folders/t0/2w4_y88x5zg9nr39_cs9v1dh0000gp/T/chromatic--8836-hw1UGWLZ3Kvb/assets/Overview-0405724a.js                           3.90 kB │ gzip:   1.63 kB │ map:     6.20 kB
../../../../../../var/folders/t0/2w4_y88x5zg9nr39_cs9v1dh0000gp/T/chromatic--8836-hw1UGWLZ3Kvb/assets/iframe-706dfacb.js                             4.77 kB │ gzip:   1.66 kB │ map:     6.31 kB
../../../../../../var/folders/t0/2w4_y88x5zg9nr39_cs9v1dh0000gp/T/chromatic--8836-hw1UGWLZ3Kvb/assets/Introduction-8c83dbd5.js                       6.98 kB │ gzip:   2.27 kB │ map:    12.10 kB
../../../../../../var/folders/t0/2w4_y88x5zg9nr39_cs9v1dh0000gp/T/chromatic--8836-hw1UGWLZ3Kvb/assets/preview-d8c963a4.js                            7.67 kB │ gzip:   1.60 kB │ map:    13.76 kB
../../../../../../var/folders/t0/2w4_y88x5zg9nr39_cs9v1dh0000gp/T/chromatic--8836-hw1UGWLZ3Kvb/assets/gc-header.stories-b9f6c9c3.js                  7.71 kB │ gzip:   2.38 kB │ map:     8.94 kB
../../../../../../var/folders/t0/2w4_y88x5zg9nr39_cs9v1dh0000gp/T/chromatic--8836-hw1UGWLZ3Kvb/assets/preview-2cd4e1a1.js                            8.00 kB │ gzip:   3.04 kB │ map:    28.16 kB
../../../../../../var/folders/t0/2w4_y88x5zg9nr39_cs9v1dh0000gp/T/chromatic--8836-hw1UGWLZ3Kvb/assets/GlobalScrollAreaStyles-XIHNDKUY-81235b71.js   10.37 kB │ gzip:   2.32 kB │ map:    15.75 kB
../../../../../../var/folders/t0/2w4_y88x5zg9nr39_cs9v1dh0000gp/T/chromatic--8836-hw1UGWLZ3Kvb/assets/preview-b038cc74.js                           21.08 kB │ gzip:   6.99 kB │ map:    68.26 kB
../../../../../../var/folders/t0/2w4_y88x5zg9nr39_cs9v1dh0000gp/T/chromatic--8836-hw1UGWLZ3Kvb/assets/Color-3YIJY6X7-620a029d.js                    31.00 kB │ gzip:  11.63 kB │ map:   112.90 kB
../../../../../../var/folders/t0/2w4_y88x5zg9nr39_cs9v1dh0000gp/T/chromatic--8836-hw1UGWLZ3Kvb/assets/OverlayScrollbars-VAV6LJAB-47f1c400.js        58.94 kB │ gzip:  25.26 kB │ map:   277.49 kB
../../../../../../var/folders/t0/2w4_y88x5zg9nr39_cs9v1dh0000gp/T/chromatic--8836-hw1UGWLZ3Kvb/assets/index-c45868c5.js                             64.19 kB │ gzip:  18.36 kB │ map:   258.03 kB
../../../../../../var/folders/t0/2w4_y88x5zg9nr39_cs9v1dh0000gp/T/chromatic--8836-hw1UGWLZ3Kvb/assets/enhance-b3f2737f.js                          204.35 kB │ gzip:  51.79 kB │ map:   570.89 kB
../../../../../../var/folders/t0/2w4_y88x5zg9nr39_cs9v1dh0000gp/T/chromatic--8836-hw1UGWLZ3Kvb/assets/formatter-S4K5WUZV-611a391c.js               601.58 kB │ gzip: 185.02 kB │ map: 1,314.30 kB
../../../../../../var/folders/t0/2w4_y88x5zg9nr39_cs9v1dh0000gp/T/chromatic--8836-hw1UGWLZ3Kvb/assets/index-d4a4bccc.js                            649.88 kB │ gzip: 213.12 kB │ map: 1,839.37 kB

(!) Some chunks are larger than 500 kBs after minification. Consider:
- Using dynamic import() to code-split the application
- Use build.rollupOptions.output.manualChunks to improve chunking: https://rollupjs.org/configuration-options/#output-manualchunks
- Adjust chunk size limit for this warning via build.chunkSizeWarningLimit.
✓ built in 3.53s
info => Output directory: /var/folders/t0/2w4_y88x5zg9nr39_cs9v1dh0000gp/T/chromatic--8836-hw1UGWLZ3Kvb
